<?xml version="1.0" encoding="UTF-8" ?>
<testsuite tests="4" failures="0" name="com.sg.jdbctcomplexexample.dao.EmployeeDaoDBTest" time="0.441" errors="0" skipped="0">
  <properties>
    <property name="java.runtime.name" value="OpenJDK Runtime Environment"/>
    <property name="java.vm.version" value="11.0.5+10"/>
    <property name="sun.boot.library.path" value="/Library/Java/JavaVirtualMachines/adoptopenjdk-11.jdk/Contents/Home/lib"/>
    <property name="gopherProxySet" value="false"/>
    <property name="maven.multiModuleProjectDirectory" value="/Users/garrettbecker/Google Drive/GitHub/gen10JavaCourse/DDWA Milestone 2 - Spring Boot REST with JDBC Template/Lesson - JDBC Template - MVC and Testing/JDBCTComplexExampleStarter"/>
    <property name="java.vm.vendor" value="AdoptOpenJDK"/>
    <property name="java.vendor.url" value="https://adoptopenjdk.net/"/>
    <property name="guice.disable.misplaced.annotation.check" value="true"/>
    <property name="path.separator" value=":"/>
    <property name="java.vm.name" value="OpenJDK 64-Bit Server VM"/>
    <property name="sun.os.patch.level" value="unknown"/>
    <property name="user.country" value="US"/>
    <property name="sun.java.launcher" value="SUN_STANDARD"/>
    <property name="test" value="com.sg.jdbctcomplexexample.dao.EmployeeDaoDBTest"/>
    <property name="java.vm.specification.name" value="Java Virtual Machine Specification"/>
    <property name="user.dir" value="/Users/garrettbecker/Google Drive/GitHub/gen10JavaCourse/DDWA Milestone 2 - Spring Boot REST with JDBC Template/Lesson - JDBC Template - MVC and Testing/JDBCTComplexExampleStarter"/>
    <property name="java.vm.compressedOopsMode" value="Zero based"/>
    <property name="java.runtime.version" value="11.0.5+10"/>
    <property name="java.awt.graphicsenv" value="sun.awt.CGraphicsEnvironment"/>
    <property name="os.arch" value="x86_64"/>
    <property name="java.io.tmpdir" value="/var/folders/3p/xl0y12pj4zs_4jc9t_6lx80c0000gn/T/"/>
    <property name="line.separator" value="
"/>
    <property name="java.vm.specification.vendor" value="Oracle Corporation"/>
    <property name="os.name" value="Mac OS X"/>
    <property name="maven.ext.class.path" value="/Users/garrettbecker/Documents/netbeans/java/maven-nblib/netbeans-eventspy.jar"/>
    <property name="classworlds.conf" value="/Users/garrettbecker/Documents/netbeans/java/maven/bin/m2.conf"/>
    <property name="sun.jnu.encoding" value="UTF-8"/>
    <property name="java.library.path" value="/Users/garrettbecker/Library/Java/Extensions:/Library/Java/Extensions:/Network/Library/Java/Extensions:/System/Library/Java/Extensions:/usr/lib/java:."/>
    <property name="jdk.debug" value="release"/>
    <property name="java.class.version" value="55.0"/>
    <property name="java.specification.name" value="Java Platform API Specification"/>
    <property name="sun.management.compiler" value="HotSpot 64-Bit Tiered Compilers"/>
    <property name="os.version" value="10.15.2"/>
    <property name="http.nonProxyHosts" value="local|*.local|169.254/16|*.169.254/16"/>
    <property name="user.home" value="/Users/garrettbecker"/>
    <property name="user.timezone" value="America/New_York"/>
    <property name="java.awt.printerjob" value="sun.lwawt.macosx.CPrinterJob"/>
    <property name="file.encoding" value="UTF-8"/>
    <property name="java.specification.version" value="11"/>
    <property name="user.name" value="garrettbecker"/>
    <property name="java.class.path" value="/Users/garrettbecker/Documents/netbeans/java/maven/boot/plexus-classworlds-2.5.2.jar"/>
    <property name="java.vm.specification.version" value="11"/>
    <property name="sun.arch.data.model" value="64"/>
    <property name="sun.java.command" value="org.codehaus.plexus.classworlds.launcher.Launcher -Dtest=com.sg.jdbctcomplexexample.dao.EmployeeDaoDBTest -Dmaven.ext.class.path=/Users/garrettbecker/Documents/netbeans/java/maven-nblib/netbeans-eventspy.jar surefire:test"/>
    <property name="java.home" value="/Library/Java/JavaVirtualMachines/adoptopenjdk-11.jdk/Contents/Home"/>
    <property name="user.language" value="en"/>
    <property name="java.specification.vendor" value="Oracle Corporation"/>
    <property name="awt.toolkit" value="sun.lwawt.macosx.LWCToolkit"/>
    <property name="java.vm.info" value="mixed mode"/>
    <property name="java.version" value="11.0.5"/>
    <property name="java.vendor" value="AdoptOpenJDK"/>
    <property name="maven.home" value="/Users/garrettbecker/Documents/netbeans/java/maven"/>
    <property name="file.separator" value="/"/>
    <property name="java.version.date" value="2019-10-15"/>
    <property name="java.vendor.url.bug" value="https://github.com/AdoptOpenJDK/openjdk-build/issues"/>
    <property name="sun.io.unicode.encoding" value="UnicodeBig"/>
    <property name="sun.cpu.endian" value="little"/>
    <property name="java.vendor.version" value="AdoptOpenJDK"/>
    <property name="socksNonProxyHosts" value="local|*.local|169.254/16|*.169.254/16"/>
    <property name="ftp.nonProxyHosts" value="local|*.local|169.254/16|*.169.254/16"/>
    <property name="sun.cpu.isalist" value=""/>
  </properties>
  <testcase classname="com.sg.jdbctcomplexexample.dao.EmployeeDaoDBTest" name="testAddGetEmployee" time="0.389"/>
  <testcase classname="com.sg.jdbctcomplexexample.dao.EmployeeDaoDBTest" name="testDeleteEmployeeById" time="0.026"/>
  <testcase classname="com.sg.jdbctcomplexexample.dao.EmployeeDaoDBTest" name="testUpdateEmployee" time="0.016"/>
  <testcase classname="com.sg.jdbctcomplexexample.dao.EmployeeDaoDBTest" name="testGetAllEmployees" time="0.01"/>
</testsuite>